<?xml version="1.0" encoding="UTF-8"?>
<testng-results ignored="0" total="2" passed="2" failed="0" skipped="0">
  <reporter-output>
  </reporter-output>
  <suite started-at="2024-01-19T00:32:17Z" name="Suite" finished-at="2024-01-19T00:32:20Z" duration-ms="2930">
    <groups>
      <group name="cucumber">
        <method signature="AbstractTestNGCucumberTests.runScenario(io.cucumber.testng.PickleWrapper, io.cucumber.testng.FeatureWrapper)[pri:0, instance:com.Runner.LoginRunner@75d2da2d]" name="runScenario" class="io.cucumber.testng.AbstractTestNGCucumberTests"/>
        <method signature="AbstractTestNGCucumberTests.runScenario(io.cucumber.testng.PickleWrapper, io.cucumber.testng.FeatureWrapper)[pri:0, instance:com.Runner.LogoutRunner@4278284b]" name="runScenario" class="io.cucumber.testng.AbstractTestNGCucumberTests"/>
      </group> <!-- cucumber -->
    </groups>
    <test started-at="2024-01-19T00:32:17Z" name="Test" finished-at="2024-01-19T00:32:20Z" duration-ms="2930">
      <class name="com.Runner.LogoutRunner">
        <test-method is-config="true" signature="setUpClass()[pri:0, instance:com.Runner.LogoutRunner@4278284b]" started-at="2024-01-19T00:32:19Z" name="setUpClass" finished-at="2024-01-19T00:32:19Z" duration-ms="43" status="PASS">
          <reporter-output>
          </reporter-output>
        </test-method> <!-- setUpClass -->
        <test-method signature="runScenario(io.cucumber.testng.PickleWrapper, io.cucumber.testng.FeatureWrapper)[pri:0, instance:com.Runner.LogoutRunner@4278284b]" started-at="2024-01-19T00:32:19Z" name="runScenario" description="Runs Cucumber Scenarios" data-provider="scenarios" finished-at="2024-01-19T00:32:19Z" duration-ms="19" status="PASS">
          <params>
            <param index="0">
              <value>
                <![CDATA["As a logged in  user, I want to logout successfully from Parabank website"]]>
              </value>
            </param>
            <param index="1">
              <value>
                <![CDATA["Optional[Parabank logout testing]"]]>
              </value>
            </param>
          </params>
          <reporter-output>
          </reporter-output>
        </test-method> <!-- runScenario -->
        <test-method is-config="true" signature="tearDownClass()[pri:0, instance:com.Runner.LogoutRunner@4278284b]" started-at="2024-01-19T00:32:19Z" name="tearDownClass" finished-at="2024-01-19T00:32:20Z" duration-ms="658" status="PASS">
          <reporter-output>
          </reporter-output>
        </test-method> <!-- tearDownClass -->
      </class> <!-- com.Runner.LogoutRunner -->
      <class name="com.Runner.LoginRunner">
        <test-method is-config="true" signature="setup()[pri:0, instance:com.Runner.LoginRunner@75d2da2d]" started-at="2024-01-19T00:32:17Z" name="setup" finished-at="2024-01-19T00:32:17Z" duration-ms="18" status="PASS">
          <reporter-output>
          </reporter-output>
        </test-method> <!-- setup -->
        <test-method is-config="true" signature="setup()[pri:0, instance:com.Runner.LogoutRunner@4278284b]" started-at="2024-01-19T00:32:17Z" name="setup" finished-at="2024-01-19T00:32:17Z" duration-ms="1" status="PASS">
          <reporter-output>
          </reporter-output>
        </test-method> <!-- setup -->
        <test-method is-config="true" signature="setUpClass()[pri:0, instance:com.Runner.LoginRunner@75d2da2d]" started-at="2024-01-19T00:32:17Z" name="setUpClass" finished-at="2024-01-19T00:32:17Z" duration-ms="502" status="PASS">
          <reporter-output>
          </reporter-output>
        </test-method> <!-- setUpClass -->
        <test-method signature="runScenario(io.cucumber.testng.PickleWrapper, io.cucumber.testng.FeatureWrapper)[pri:0, instance:com.Runner.LoginRunner@75d2da2d]" started-at="2024-01-19T00:32:17Z" name="runScenario" description="Runs Cucumber Scenarios" data-provider="scenarios" finished-at="2024-01-19T00:32:18Z" duration-ms="171" status="PASS">
          <params>
            <param index="0">
              <value>
                <![CDATA["As a user, I want to login to Parabank website using valid credentials"]]>
              </value>
            </param>
            <param index="1">
              <value>
                <![CDATA["Optional[Parabank login testing]"]]>
              </value>
            </param>
          </params>
          <reporter-output>
          </reporter-output>
        </test-method> <!-- runScenario -->
        <test-method is-config="true" signature="tearDownClass()[pri:0, instance:com.Runner.LoginRunner@75d2da2d]" started-at="2024-01-19T00:32:18Z" name="tearDownClass" finished-at="2024-01-19T00:32:19Z" duration-ms="1488" status="PASS">
          <reporter-output>
          </reporter-output>
        </test-method> <!-- tearDownClass -->
      </class> <!-- com.Runner.LoginRunner -->
    </test> <!-- Test -->
  </suite> <!-- Suite -->
</testng-results>
